virtual-node-env - Virtual node environment, similar to nvm

USAGE:
virtual-node-env [OPTIONS] use <VERSION> [COMMAND]
virtual-node-env [OPTIONS] clean
virtual-node-env [OPTIONS] ls|list
virtual-node-env [OPTIONS] ls-remote|list-remote

COMMANDS:
  use <VERSION> [COMMAND]  Use the specified version of node to run the command
  rm|remove <VERSION>      Remove the specified version of node that installed by virtual-node-env
  clean                    Clean the virtual node environment
  ls|list                  List all the installed node version
  ls-remote|list-remote    List all the available node version

OPTIONS:
  --help                   Print help information
  --version                Print version information
  --config                 Specify the configuration file. Detected .virtual-node-env.json automatically if not specified.

ENVIRONMENT VARIABLES:
  NODE_MIRROR              The mirror of the nodejs download, defaults to: https://nodejs.org/dist/
                           Chinese users defaults to: https://registry.npmmirror.com/-/binary/node/
  NODE_ENV_DIR             The directory where the nodejs is stored, defaults to: $HOME/.virtual-node-env
  DEBUG                    Print debug information when set DEBUG=1

SOURCE CODE:
  https://github.com/axetroy/virtual-node-env
